<?xml version="1.0" encoding="UTF-8"?>
<testsuite xmlns:xsi="http://www.w3.org/2001/XMLSchema-instance" xsi:noNamespaceSchemaLocation="https://maven.apache.org/surefire/maven-surefire-plugin/xsd/surefire-test-report-3.0.xsd" version="3.0" name="org.example.user.UserServiceRolesTest" time="9.055" tests="11" errors="0" skipped="0" failures="0">
  <properties>
[...]
</properties>
  <testcase name="addUser_failed_noRolePermissions" classname="org.example.user.UserServiceRolesTest" time="0.049">
    <system-out><![CDATA[2024-11-16T19:26:19.780+03:00  INFO 20348 --- [           main] t.c.s.AnnotationConfigContextLoaderUtils : Could not detect default configuration classes for test class [org.example.user.UserServiceRolesTest]: UserServiceRolesTest does not declare any static, non-private, non-final, nested classes annotated with @Configuration.
2024-11-16T19:26:19.785+03:00  INFO 20348 --- [           main] .b.t.c.SpringBootTestContextBootstrapper : Found @SpringBootConfiguration org.example.ApplicationEntry for test class org.example.user.UserServiceRolesTest

  .   ____          _            __ _ _
 /\\ / ___'_ __ _ _(_)_ __  __ _ \ \ \ \
( ( )\___ | '_ | '_| | '_ \/ _` | \ \ \ \
 \\/  ___)| |_)| | | | | || (_| |  ) ) ) )
  '  |____| .__|_| |_|_| |_\__, | / / / /
 =========|_|==============|___/=/_/_/_/

 :: Spring Boot ::                (v3.3.2)

2024-11-16T19:26:19.861+03:00  INFO 20348 --- [           main] org.example.user.UserServiceRolesTest    : Starting UserServiceRolesTest using Java 18.0.1.1 with PID 20348 (started by usr in D:\Java\yandex\aptMgrSpringReact)
2024-11-16T19:26:19.861+03:00  INFO 20348 --- [           main] org.example.user.UserServiceRolesTest    : The following 1 profile is active: "dev"
2024-11-16T19:26:21.086+03:00  INFO 20348 --- [           main] .s.d.r.c.RepositoryConfigurationDelegate : Multiple Spring Data modules found, entering strict repository configuration mode
2024-11-16T19:26:21.090+03:00  INFO 20348 --- [           main] .s.d.r.c.RepositoryConfigurationDelegate : Bootstrapping Spring Data JPA repositories in DEFAULT mode.
2024-11-16T19:26:21.190+03:00  INFO 20348 --- [           main] .s.d.r.c.RepositoryConfigurationDelegate : Finished Spring Data repository scanning in 79 ms. Found 6 JPA repository interfaces.
2024-11-16T19:26:21.210+03:00  INFO 20348 --- [           main] .s.d.r.c.RepositoryConfigurationDelegate : Multiple Spring Data modules found, entering strict repository configuration mode
2024-11-16T19:26:21.210+03:00  INFO 20348 --- [           main] .s.d.r.c.RepositoryConfigurationDelegate : Bootstrapping Spring Data Redis repositories in DEFAULT mode.
2024-11-16T19:26:21.230+03:00  INFO 20348 --- [           main] .RepositoryConfigurationExtensionSupport : Spring Data Redis - Could not safely identify store assignment for repository candidate interface org.example.property.PropertyImageRepository; If you want this repository to be a Redis repository, consider annotating your entities with one of these annotations: org.springframework.data.redis.core.RedisHash (preferred), or consider extending one of the following types with your repository: org.springframework.data.keyvalue.repository.KeyValueRepository
2024-11-16T19:26:21.230+03:00  INFO 20348 --- [           main] .RepositoryConfigurationExtensionSupport : Spring Data Redis - Could not safely identify store assignment for repository candidate interface org.example.property.PropertyRepository; If you want this repository to be a Redis repository, consider annotating your entities with one of these annotations: org.springframework.data.redis.core.RedisHash (preferred), or consider extending one of the following types with your repository: org.springframework.data.keyvalue.repository.KeyValueRepository
2024-11-16T19:26:21.230+03:00  INFO 20348 --- [           main] .RepositoryConfigurationExtensionSupport : Spring Data Redis - Could not safely identify store assignment for repository candidate interface org.example.property.PropertyRepositoryPageAndSort; If you want this repository to be a Redis repository, consider annotating your entities with one of these annotations: org.springframework.data.redis.core.RedisHash (preferred), or consider extending one of the following types with your repository: org.springframework.data.keyvalue.repository.KeyValueRepository
2024-11-16T19:26:21.230+03:00  INFO 20348 --- [           main] .RepositoryConfigurationExtensionSupport : Spring Data Redis - Could not safely identify store assignment for repository candidate interface org.example.property.PropertyTypeRepository; If you want this repository to be a Redis repository, consider annotating your entities with one of these annotations: org.springframework.data.redis.core.RedisHash (preferred), or consider extending one of the following types with your repository: org.springframework.data.keyvalue.repository.KeyValueRepository
2024-11-16T19:26:21.235+03:00  INFO 20348 --- [           main] .RepositoryConfigurationExtensionSupport : Spring Data Redis - Could not safely identify store assignment for repository candidate interface org.example.user.RoleRepository; If you want this repository to be a Redis repository, consider annotating your entities with one of these annotations: org.springframework.data.redis.core.RedisHash (preferred), or consider extending one of the following types with your repository: org.springframework.data.keyvalue.repository.KeyValueRepository
2024-11-16T19:26:21.235+03:00  INFO 20348 --- [           main] .RepositoryConfigurationExtensionSupport : Spring Data Redis - Could not safely identify store assignment for repository candidate interface org.example.user.UserRepository; If you want this repository to be a Redis repository, consider annotating your entities with one of these annotations: org.springframework.data.redis.core.RedisHash (preferred), or consider extending one of the following types with your repository: org.springframework.data.keyvalue.repository.KeyValueRepository
2024-11-16T19:26:21.235+03:00  INFO 20348 --- [           main] .s.d.r.c.RepositoryConfigurationDelegate : Finished Spring Data repository scanning in 8 ms. Found 0 Redis repository interfaces.
2024-11-16T19:26:22.525+03:00  INFO 20348 --- [           main] com.zaxxer.hikari.HikariDataSource       : HikariPool-1 - Starting...
2024-11-16T19:26:22.750+03:00  INFO 20348 --- [           main] com.zaxxer.hikari.pool.HikariPool        : HikariPool-1 - Added connection org.postgresql.jdbc.PgConnection@5b1505c3
2024-11-16T19:26:22.750+03:00  INFO 20348 --- [           main] com.zaxxer.hikari.HikariDataSource       : HikariPool-1 - Start completed.
2024-11-16T19:26:23.149+03:00  INFO 20348 --- [           main] o.hibernate.jpa.internal.util.LogHelper  : HHH000204: Processing PersistenceUnitInfo [name: default]
2024-11-16T19:26:23.247+03:00  INFO 20348 --- [           main] org.hibernate.Version                    : HHH000412: Hibernate ORM core version 6.5.2.Final
2024-11-16T19:26:23.309+03:00  INFO 20348 --- [           main] o.h.c.internal.RegionFactoryInitiator    : HHH000026: Second-level cache disabled
2024-11-16T19:26:23.530+03:00  INFO 20348 --- [           main] o.s.o.j.p.SpringPersistenceUnitInfo      : No LoadTimeWeaver setup: ignoring JPA class transformer
2024-11-16T19:26:24.795+03:00  INFO 20348 --- [           main] o.h.e.t.j.p.i.JtaPlatformInitiator       : HHH000489: No JTA platform available (set 'hibernate.transaction.jta.platform' to enable JTA platform integration)
2024-11-16T19:26:24.800+03:00  INFO 20348 --- [           main] j.LocalContainerEntityManagerFactoryBean : Initialized JPA EntityManagerFactory for persistence unit 'default'
2024-11-16T19:26:25.469+03:00  WARN 20348 --- [           main] JpaBaseConfiguration$JpaWebConfiguration : spring.jpa.open-in-view is enabled by default. Therefore, database queries may be performed during view rendering. Explicitly configure spring.jpa.open-in-view to disable this warning
2024-11-16T19:26:25.720+03:00  INFO 20348 --- [           main] eAuthenticationProviderManagerConfigurer : Global AuthenticationManager configured with AuthenticationProvider bean with name authenticationProvider
2024-11-16T19:26:25.720+03:00  WARN 20348 --- [           main] r$InitializeUserDetailsManagerConfigurer : Global AuthenticationManager configured with an AuthenticationProvider bean. UserDetailsService beans will not be used for username/password login. Consider removing the AuthenticationProvider bean. Alternatively, consider using the UserDetailsService in a manually instantiated DaoAuthenticationProvider.
2024-11-16T19:26:26.500+03:00  INFO 20348 --- [           main] o.s.b.a.e.web.EndpointLinksResolver      : Exposing 14 endpoints beneath base path '/actuator'
2024-11-16T19:26:26.940+03:00  WARN 20348 --- [           main] ion$DefaultTemplateResolverConfiguration : Cannot find template location: file:./target/classes/static/ (please add some templates, check your Thymeleaf configuration, or set spring.thymeleaf.check-template-location=false)
2024-11-16T19:26:27.840+03:00  INFO 20348 --- [           main] org.example.user.UserServiceRolesTest    : Started UserServiceRolesTest in 8.039 seconds (process running for 16.323)
]]></system-out>
  </testcase>
  <testcase name="deleteUser_success" classname="org.example.user.UserServiceRolesTest" time="0.561">
    <system-out><![CDATA[2024-11-16T19:26:28.500+03:00 ERROR 20348 --- [           main] org.example.aspect.LoggingAspect         : Exception error:User with id=2 was not found
]]></system-out>
  </testcase>
  <testcase name="updateUser_success" classname="org.example.user.UserServiceRolesTest" time="0.044"/>
  <testcase name="updateUser_failed_noRolePermissions" classname="org.example.user.UserServiceRolesTest" time="0.01"/>
  <testcase name="getUser_failed_noRolePermissions" classname="org.example.user.UserServiceRolesTest" time="0.005"/>
  <testcase name="getRoles_success" classname="org.example.user.UserServiceRolesTest" time="0.116"/>
  <testcase name="getUsers_failed_noRolePermissions" classname="org.example.user.UserServiceRolesTest" time="0.005"/>
  <testcase name="getUser_success" classname="org.example.user.UserServiceRolesTest" time="0.025"/>
  <testcase name="addUser_success" classname="org.example.user.UserServiceRolesTest" time="0.1"/>
  <testcase name="deleteUser_failed_noRolePermissions" classname="org.example.user.UserServiceRolesTest" time="0.005"/>
  <testcase name="getUsers_success" classname="org.example.user.UserServiceRolesTest" time="0.015"/>
</testsuite>