<?xml version="1.0" encoding="UTF-8"?>
<testsuite xmlns:xsi="http://www.w3.org/2001/XMLSchema-instance" xsi:noNamespaceSchemaLocation="https://maven.apache.org/surefire/maven-surefire-plugin/xsd/surefire-test-report-3.0.xsd" version="3.0" name="org.example.user.TestUserServiceRoles" time="6.641" tests="11" errors="0" skipped="0" failures="0">
  <properties>
[...]
</properties>
  <testcase name="addUser_failed_noRolePermissions" classname="org.example.user.TestUserServiceRoles" time="0.059">
    <system-out><![CDATA[2024-10-09T23:19:23.842+03:00  INFO 8768 --- [           main] t.c.s.AnnotationConfigContextLoaderUtils : Could not detect default configuration classes for test class [org.example.user.TestUserServiceRoles]: TestUserServiceRoles does not declare any static, non-private, non-final, nested classes annotated with @Configuration.
2024-10-09T23:19:23.851+03:00  INFO 8768 --- [           main] .b.t.c.SpringBootTestContextBootstrapper : Found @SpringBootConfiguration org.example.ApplicationEntry for test class org.example.user.TestUserServiceRoles

  .   ____          _            __ _ _
 /\\ / ___'_ __ _ _(_)_ __  __ _ \ \ \ \
( ( )\___ | '_ | '_| | '_ \/ _` | \ \ \ \
 \\/  ___)| |_)| | | | | || (_| |  ) ) ) )
  '  |____| .__|_| |_|_| |_\__, | / / / /
 =========|_|==============|___/=/_/_/_/

 :: Spring Boot ::                (v3.3.2)

2024-10-09T23:19:23.886+03:00  INFO 8768 --- [           main] org.example.user.TestUserServiceRoles    : Starting TestUserServiceRoles using Java 18.0.1.1 with PID 8768 (started by usr in D:\Java\yandex\aptMgrReact)
2024-10-09T23:19:23.886+03:00  INFO 8768 --- [           main] org.example.user.TestUserServiceRoles    : No active profile set, falling back to 1 default profile: "default"
2024-10-09T23:19:24.703+03:00  INFO 8768 --- [           main] .s.d.r.c.RepositoryConfigurationDelegate : Bootstrapping Spring Data JPA repositories in DEFAULT mode.
2024-10-09T23:19:24.786+03:00  INFO 8768 --- [           main] .s.d.r.c.RepositoryConfigurationDelegate : Finished Spring Data repository scanning in 70 ms. Found 5 JPA repository interfaces.
2024-10-09T23:19:25.331+03:00  INFO 8768 --- [           main] com.zaxxer.hikari.HikariDataSource       : HikariPool-1 - Starting...
2024-10-09T23:19:25.552+03:00  INFO 8768 --- [           main] com.zaxxer.hikari.pool.HikariPool        : HikariPool-1 - Added connection org.postgresql.jdbc.PgConnection@384cd83a
2024-10-09T23:19:25.556+03:00  INFO 8768 --- [           main] com.zaxxer.hikari.HikariDataSource       : HikariPool-1 - Start completed.
2024-10-09T23:19:25.933+03:00  INFO 8768 --- [           main] o.hibernate.jpa.internal.util.LogHelper  : HHH000204: Processing PersistenceUnitInfo [name: default]
2024-10-09T23:19:26.023+03:00  INFO 8768 --- [           main] org.hibernate.Version                    : HHH000412: Hibernate ORM core version 6.5.2.Final
2024-10-09T23:19:26.083+03:00  INFO 8768 --- [           main] o.h.c.internal.RegionFactoryInitiator    : HHH000026: Second-level cache disabled
2024-10-09T23:19:26.353+03:00  INFO 8768 --- [           main] o.s.o.j.p.SpringPersistenceUnitInfo      : No LoadTimeWeaver setup: ignoring JPA class transformer
2024-10-09T23:19:27.563+03:00  INFO 8768 --- [           main] o.h.e.t.j.p.i.JtaPlatformInitiator       : HHH000489: No JTA platform available (set 'hibernate.transaction.jta.platform' to enable JTA platform integration)
2024-10-09T23:19:27.563+03:00  INFO 8768 --- [           main] j.LocalContainerEntityManagerFactoryBean : Initialized JPA EntityManagerFactory for persistence unit 'default'
2024-10-09T23:19:28.132+03:00  WARN 8768 --- [           main] JpaBaseConfiguration$JpaWebConfiguration : spring.jpa.open-in-view is enabled by default. Therefore, database queries may be performed during view rendering. Explicitly configure spring.jpa.open-in-view to disable this warning
2024-10-09T23:19:28.292+03:00  INFO 8768 --- [           main] eAuthenticationProviderManagerConfigurer : Global AuthenticationManager configured with AuthenticationProvider bean with name authenticationProvider
2024-10-09T23:19:28.292+03:00  WARN 8768 --- [           main] r$InitializeUserDetailsManagerConfigurer : Global AuthenticationManager configured with an AuthenticationProvider bean. UserDetailsService beans will not be used for username/password login. Consider removing the AuthenticationProvider bean. Alternatively, consider using the UserDetailsService in a manually instantiated DaoAuthenticationProvider.
2024-10-09T23:19:28.952+03:00  INFO 8768 --- [           main] o.s.b.a.e.web.EndpointLinksResolver      : Exposing 14 endpoints beneath base path '/actuator'
2024-10-09T23:19:29.321+03:00  WARN 8768 --- [           main] ion$DefaultTemplateResolverConfiguration : Cannot find template location: file:./target/classes/static/ (please add some templates, check your Thymeleaf configuration, or set spring.thymeleaf.check-template-location=false)
2024-10-09T23:19:29.936+03:00  INFO 8768 --- [           main] org.example.user.TestUserServiceRoles    : Started TestUserServiceRoles in 6.08 seconds (process running for 12.565)
]]></system-out>
  </testcase>
  <testcase name="deleteUser_success" classname="org.example.user.TestUserServiceRoles" time="0.15"/>
  <testcase name="updateUser_success" classname="org.example.user.TestUserServiceRoles" time="0.019"/>
  <testcase name="updateUser_failed_noRolePermissions" classname="org.example.user.TestUserServiceRoles" time="0.007"/>
  <testcase name="getUser_failed_noRolePermissions" classname="org.example.user.TestUserServiceRoles" time="0.01"/>
  <testcase name="getRoles_success" classname="org.example.user.TestUserServiceRoles" time="0.1"/>
  <testcase name="getUsers_failed_noRolePermissions" classname="org.example.user.TestUserServiceRoles" time="0.009"/>
  <testcase name="getUser_success" classname="org.example.user.TestUserServiceRoles" time="0.007"/>
  <testcase name="addUser_success" classname="org.example.user.TestUserServiceRoles" time="0.099"/>
  <testcase name="deleteUser_failed_noRolePermissions" classname="org.example.user.TestUserServiceRoles" time="0.01"/>
  <testcase name="getUsers_success" classname="org.example.user.TestUserServiceRoles" time="0.011"/>
</testsuite>