<?xml version="1.0" encoding="UTF-8"?>
<testsuite xmlns:xsi="http://www.w3.org/2001/XMLSchema-instance" xsi:noNamespaceSchemaLocation="https://maven.apache.org/surefire/maven-surefire-plugin/xsd/surefire-test-report-3.0.xsd" version="3.0" name="org.example.property.PropertyControllerTest" time="0.361" tests="1" errors="0" skipped="0" failures="0">
  <properties>
[...]
</properties>
  <testcase name="getProperties_success" classname="org.example.property.PropertyControllerTest" time="0.011">
    <system-out><![CDATA[2024-12-18T21:56:32.198+03:00  INFO 20056 --- [           main] t.c.s.AnnotationConfigContextLoaderUtils : Could not detect default configuration classes for test class [org.example.property.PropertyControllerTest]: PropertyControllerTest does not declare any static, non-private, non-final, nested classes annotated with @Configuration.
2024-12-18T21:56:32.235+03:00  INFO 20056 --- [           main] .b.t.c.SpringBootTestContextBootstrapper : Found @SpringBootConfiguration org.example.ApplicationEntry for test class org.example.property.PropertyControllerTest

  .   ____          _            __ _ _
 /\\ / ___'_ __ _ _(_)_ __  __ _ \ \ \ \
( ( )\___ | '_ | '_| | '_ \/ _` | \ \ \ \
 \\/  ___)| |_)| | | | | || (_| |  ) ) ) )
  '  |____| .__|_| |_|_| |_\__, | / / / /
 =========|_|==============|___/=/_/_/_/

 :: Spring Boot ::                (v3.3.2)

2024-12-18T21:56:32.254+03:00  INFO 20056 --- [           main] o.e.property.PropertyControllerTest      : Starting PropertyControllerTest using Java 18.0.1.1 with PID 20056 (started by usr in D:\dev\code\java\aptMgrSpringReact)
2024-12-18T21:56:32.254+03:00  INFO 20056 --- [           main] o.e.property.PropertyControllerTest      : The following 1 profile is active: "dev"
2024-12-18T21:56:32.459+03:00  WARN 20056 --- [           main] .s.s.UserDetailsServiceAutoConfiguration : 

Using generated security password: 9edb300d-2cc6-4c34-ae0c-763a58b5684d

This generated password is for development use only. Your security configuration must be updated before running your application in production.

2024-12-18T21:56:32.514+03:00  WARN 20056 --- [           main] ion$DefaultTemplateResolverConfiguration : Cannot find template location: file:./target/classes/static/ (please add some templates, check your Thymeleaf configuration, or set spring.thymeleaf.check-template-location=false)
2024-12-18T21:56:32.525+03:00  INFO 20056 --- [           main] r$InitializeUserDetailsManagerConfigurer : Global AuthenticationManager configured with UserDetailsService bean with name inMemoryUserDetailsManager
2024-12-18T21:56:32.533+03:00  INFO 20056 --- [           main] o.s.b.t.m.w.SpringBootMockServletContext : Initializing Spring TestDispatcherServlet ''
2024-12-18T21:56:32.533+03:00  INFO 20056 --- [           main] o.s.t.web.servlet.TestDispatcherServlet  : Initializing Servlet ''
2024-12-18T21:56:32.534+03:00  INFO 20056 --- [           main] o.s.t.web.servlet.TestDispatcherServlet  : Completed initialization in 1 ms
2024-12-18T21:56:32.543+03:00  INFO 20056 --- [           main] o.e.property.PropertyControllerTest      : Started PropertyControllerTest in 0.306 seconds (process running for 3.283)
]]></system-out>
  </testcase>
</testsuite>